npx : G:\AddisView\node_modules\@prisma\cli
ent\src\runtime\getPrismaClient.ts:260
At line:1 char:1
+ npx tsx scripts/foundry-worker.ts 
--ingest > tmp.log 2>&1
+ ~~~~~~~~~~~~~~~~~~~~~~~~~~~~~~~~~~~~~~~~~
~~~~~~~~~~~~~~~~
    + CategoryInfo          : NotSpecified 
   : (G:\AddisView\no...maClient.ts:260:S  
  tring) [], RemoteException
    + FullyQualifiedErrorId : NativeComman 
   dError
 
        throw new 
PrismaClientInitializationError(
              ^

PrismaClientInitializationError: 
`PrismaClient` needs to be constructed 
with a non-empty, valid 
`PrismaClientOptions`:

```
new PrismaClient({
  ...
})
```

or

```
constructor() {
  super({ ... });
}
```
          
    at new t (G:\AddisView\node_modules\@pr
isma\client\src\runtime\getPrismaClient.ts:
260:15)
    at url (G:\AddisView\scripts\foundry-wo
rker.ts:7:16)
    at Object.<anonymous> (G:\AddisView\scr
ipts\foundry-worker.ts:301:1)
    at Module._compile 
(node:internal/modules/cjs/loader:1812:14)
    at Object.transformer (C:\Users\samso\A
ppData\Local\npm-cache\_npx\fd45a72a545557e
9\node_modules\tsx\dist\register-D46fvsV_.c
js:3:1104)
    at Module.load 
(node:internal/modules/cjs/loader:1533:32)
    at Module._load 
(node:internal/modules/cjs/loader:1335:12)
    at wrapModuleLoad 
(node:internal/modules/cjs/loader:255:19)
    at loadCJSModuleWithModuleLoad (node:in
ternal/modules/esm/translators:328:3)
    at ModuleWrap.<anonymous> (node:interna
l/modules/esm/translators:233:7) {
  clientVersion: '7.4.2',
  errorCode: undefined,
  retryable: undefined
}

Node.js v24.14.0
